--- FATAL ERROR at 2025-05-10 18:14:49 for webScrape.py ---
Python executable not found at: C:\Users\ripip\Desktop\Proiect MDS - Copy\ProiectMarketSentimentMDS\PythonProject1\.venv1\Scripts\python.exe
Check PYTHON_EXECUTABLE and script_path paths.
PYTHON_EXECUTABLE: C:\Users\ripip\Desktop\Proiect MDS - Copy\ProiectMarketSentimentMDS\PythonProject1\.venv1\Scripts\python.exe
Script Path: C:\Users\ripip\Desktop\Proiect MDS - Copy\ProiectMarketSentimentMDS\website\crucialPys\website\crucialPys\webScrape.py

--- End Error Log ---

--- FATAL ERROR at 2025-05-10 18:15:22 for webScrape.py ---
Python executable not found at: C:\Users\ripip\Desktop\Proiect MDS - Copy\ProiectMarketSentimentMDS\PythonProject1\.venv1\Scripts\python.exe
Check PYTHON_EXECUTABLE and script_path paths.
PYTHON_EXECUTABLE: C:\Users\ripip\Desktop\Proiect MDS - Copy\ProiectMarketSentimentMDS\PythonProject1\.venv1\Scripts\python.exe
Script Path: C:\Users\ripip\Desktop\Proiect MDS - Copy\ProiectMarketSentimentMDS\website\crucialPys\website\crucialPys\webScrape.py

--- End Error Log ---

--- FATAL ERROR at 2025-05-10 18:16:22 for webScrape.py ---
Python executable not found at: C:\Users\ripip\Desktop\Proiect MDS - Copy\ProiectMarketSentimentMDS\PythonProject1\.venv1\Scripts\python.exe
Check PYTHON_EXECUTABLE and script_path paths.
PYTHON_EXECUTABLE: C:\Users\ripip\Desktop\Proiect MDS - Copy\ProiectMarketSentimentMDS\PythonProject1\.venv1\Scripts\python.exe
Script Path: C:\Users\ripip\Desktop\Proiect MDS - Copy\ProiectMarketSentimentMDS\website\crucialPys\website\crucialPys\webScrape.py

--- End Error Log ---

--- FATAL ERROR at 2025-05-10 18:17:22 for webScrape.py ---
Python executable not found at: C:\Users\ripip\Desktop\Proiect MDS - Copy\ProiectMarketSentimentMDS\PythonProject1\.venv1\Scripts\python.exe
Check PYTHON_EXECUTABLE and script_path paths.
PYTHON_EXECUTABLE: C:\Users\ripip\Desktop\Proiect MDS - Copy\ProiectMarketSentimentMDS\PythonProject1\.venv1\Scripts\python.exe
Script Path: C:\Users\ripip\Desktop\Proiect MDS - Copy\ProiectMarketSentimentMDS\website\crucialPys\website\crucialPys\webScrape.py

--- End Error Log ---

--- FATAL ERROR at 2025-05-10 18:18:15 for webScrape.py ---
Python executable not found at: C:\Users\ripip\Desktop\Proiect MDS - Copy\ProiectMarketSentimentMDS\PythonProject1\.venv1\Scripts\python.exe
Check PYTHON_EXECUTABLE and script_path paths.
PYTHON_EXECUTABLE: C:\Users\ripip\Desktop\Proiect MDS - Copy\ProiectMarketSentimentMDS\PythonProject1\.venv1\Scripts\python.exe
Script Path: C:\Users\ripip\Desktop\Proiect MDS - Copy\ProiectMarketSentimentMDS\website\crucialPys\website\crucialPys\webScrape.py

--- End Error Log ---

